*----------------------------------------------------------------
*  *

* - Description  : 
* - Procssing Date : 2015-10-29 21:38:09
*----------------------------------------------------------------
*====================================================================================
[2015-10-29 21:38:00] (LOG) ===== <PROCESS> 초기화 =====
[2015-10-29 21:38:00] (LOG) ===== <PROCESS> DB Session을 연결합니다
[2015-10-29 21:38:00] (LOG) ===== (start) 처리 시작 =====
[2015-10-29 21:38:00] (LOG) === <JOB> 처리 시작 ===
[2015-10-29 21:38:00] (LOG) Transaction을 시작합니다.
[2015-10-29 21:38:04] (LOG) dataSn -> null
[2015-10-29 21:38:04] (LOG) dataSn -> null
[2015-10-29 21:38:04] (LOG) dataSn -> null
[2015-10-29 21:38:04] (LOG) dataSn -> null
[2015-10-29 21:38:04] (LOG) dataSn -> null
[2015-10-29 21:38:04] (LOG) dataSn -> null
[2015-10-29 21:38:04] (LOG) dataSn -> null
[2015-10-29 21:38:04] (LOG) dataSn -> null
[2015-10-29 21:38:04] (LOG) dataSn -> null
[2015-10-29 21:38:04] (LOG) dataSn -> null
[2015-10-29 21:38:04] (LOG) dataSn -> null
[2015-10-29 21:38:04] (LOG) dataSn -> null
[2015-10-29 21:38:04] (LOG) dataSn -> null
[2015-10-29 21:38:04] (LOG) dataSn -> null
[2015-10-29 21:38:04] (LOG) dataSn -> null
[2015-10-29 21:38:04] (LOG) dataSn -> null
[2015-10-29 21:38:04] (LOG) dataSn -> null
[2015-10-29 21:38:09] (LOG) ## <PROCESS> 종료 ##
[2015-10-29 21:38:09] (LOG) DB Session을 해제합니다.
*====================================================================================