*----------------------------------------------------------------
*  *

* - Description  : 
* - Procssing Date : 2015-10-29 22:00:47
*----------------------------------------------------------------
*====================================================================================
[2015-10-29 22:00:46] (LOG) ===== <PROCESS> 초기화 =====
[2015-10-29 22:00:46] (LOG) ===== <PROCESS> DB Session을 연결합니다
[2015-10-29 22:00:47] (LOG) ===== (start) 처리 시작 =====
[2015-10-29 22:00:47] (LOG) === <JOB> 처리 시작 ===
[2015-10-29 22:00:47] (LOG) Transaction을 시작합니다.
[2015-10-29 22:00:47] (LOG) dataSn -> 305599
[2015-10-29 22:00:47] (LOG) dataSn -> 305600
[2015-10-29 22:00:47] (LOG) dataSn -> 305601
[2015-10-29 22:00:47] (LOG) dataSn -> 305602
[2015-10-29 22:00:47] (LOG) dataSn -> 305603
[2015-10-29 22:00:47] (LOG) dataSn -> 305604
[2015-10-29 22:00:47] (LOG) dataSn -> 305605
[2015-10-29 22:00:47] (LOG) dataSn -> 636919
[2015-10-29 22:00:47] (LOG) dataSn -> 636934
[2015-10-29 22:00:47] (LOG) dataSn -> 636935
[2015-10-29 22:00:47] (LOG) dataSn -> 636936
[2015-10-29 22:00:47] (LOG) dataSn -> 636937
[2015-10-29 22:00:47] (LOG) dataSn -> 636938
[2015-10-29 22:00:47] (LOG) dataSn -> 636939
[2015-10-29 22:00:47] (LOG) dataSn -> 636940
[2015-10-29 22:00:47] (LOG) dataSn -> 636941
[2015-10-29 22:00:47] (LOG) dataSn -> 636942
[2015-10-29 22:00:47] (LOG) ## <PROCESS> 종료 ##
[2015-10-29 22:00:47] (LOG) DB Session을 해제합니다.
*====================================================================================