*----------------------------------------------------------------
*  *

* - Description  : 
* - Procssing Date : 2015-10-30 14:30:22
*----------------------------------------------------------------
*====================================================================================
[2015-10-30 14:30:21] (LOG) ===== <PROCESS> 초기화 =====
[2015-10-30 14:30:21] (LOG) ===== <PROCESS> DB Session을 연결합니다
[2015-10-30 14:30:21] (LOG) ===== (start) 처리 시작 =====
[2015-10-30 14:30:21] (LOG) === <JOB> 처리 시작 ===
[2015-10-30 14:30:21] (LOG) Transaction을 시작합니다.
[2015-10-30 14:30:22] (LOG) ## <오류 발생> ##
[2015-10-30 14:30:22] *ERR* com.common.sdiException: 개별수치지형도 갱신중 오류가 발생하였습니다. (PersistenceException) => org.apache.ibatis.exceptions.PersistenceException: 
### Error querying database.  Cause: java.sql.SQLException: A syntax error has occurred.
### The error may exist in com/mapper/sql/sqlQuery.xml
### The error may involve sqlQuery.getTsData
### The error occurred while executing a query
### SQL: SELECT    data_sn AS dataSn    data_sn AS dataNm   FROM TS_DATA   WHERE METDATA_SN = ?   AND DATA_MAPDMC_NO = ?
### Cause: java.sql.SQLException: A syntax error has occurred. (ERROR)
[2015-10-30 14:30:22] (LOG) Transaction을 Rollback합니다.
[2015-10-30 14:30:22] (LOG) ## <PROCESS> 종료 ##
[2015-10-30 14:30:22] (LOG) DB Session을 해제합니다.
*====================================================================================