*----------------------------------------------------------------
*  *

* - Description  : 
* - Procssing Date : 2015-10-29 21:57:43
*----------------------------------------------------------------
*====================================================================================
[2015-10-29 21:57:41] (LOG) ===== <PROCESS> 초기화 =====
[2015-10-29 21:57:41] (LOG) ===== <PROCESS> DB Session을 연결합니다
[2015-10-29 21:57:42] (LOG) ===== (start) 처리 시작 =====
[2015-10-29 21:57:42] (LOG) === <JOB> 처리 시작 ===
[2015-10-29 21:57:42] (LOG) Transaction을 시작합니다.
[2015-10-29 21:57:42] (LOG) dataSn -> 305599
[2015-10-29 21:57:42] (LOG) dataSn -> 305600
[2015-10-29 21:57:42] (LOG) dataSn -> 305601
[2015-10-29 21:57:42] (LOG) dataSn -> 305602
[2015-10-29 21:57:42] (LOG) dataSn -> 305603
[2015-10-29 21:57:42] (LOG) dataSn -> 305604
[2015-10-29 21:57:42] (LOG) dataSn -> 305605
[2015-10-29 21:57:42] (LOG) dataSn -> null
[2015-10-29 21:57:42] (LOG) dataSn -> null
[2015-10-29 21:57:42] (LOG) dataSn -> null
[2015-10-29 21:57:42] (LOG) dataSn -> null
[2015-10-29 21:57:42] (LOG) dataSn -> null
[2015-10-29 21:57:42] (LOG) dataSn -> null
[2015-10-29 21:57:42] (LOG) dataSn -> null
[2015-10-29 21:57:42] (LOG) dataSn -> null
[2015-10-29 21:57:42] (LOG) dataSn -> null
[2015-10-29 21:57:42] (LOG) dataSn -> null
[2015-10-29 21:57:42] (LOG) ## <PROCESS> 종료 ##
[2015-10-29 21:57:42] (LOG) DB Session을 해제합니다.
*====================================================================================